<?xml version="1.0" encoding="UTF-8"?>
<testsuite xmlns:xsi="http://www.w3.org/2001/XMLSchema-instance" xsi:noNamespaceSchemaLocation="https://maven.apache.org/surefire/maven-surefire-plugin/xsd/surefire-test-report-3.0.xsd" version="3.0" name="edu.kirkwood.controller.MarcsFractionCalculatorTest" time="4.465" tests="25" errors="0" skipped="0" failures="0">
  <properties>
[...]
</properties>
  <testcase name="parseFractionWithProperPositive" classname="edu.kirkwood.controller.MarcsFractionCalculatorTest" time="0.175"/>
  <testcase name="splitInputWithInvalidFraction1" classname="edu.kirkwood.controller.MarcsFractionCalculatorTest" time="0.026"/>
  <testcase name="splitInputWithInvalidFraction2" classname="edu.kirkwood.controller.MarcsFractionCalculatorTest" time="0.003"/>
  <testcase name="parseFractionWithProperNegative" classname="edu.kirkwood.controller.MarcsFractionCalculatorTest" time="0.001"/>
  <testcase name="parseFractionWithPositiveWholeNumber" classname="edu.kirkwood.controller.MarcsFractionCalculatorTest" time="0.002"/>
  <testcase name="parseFractionNonFractionCharacters" classname="edu.kirkwood.controller.MarcsFractionCalculatorTest" time="0.007"/>
  <testcase name="splitCalculationWithSubtractionAndMixedNumbers" classname="edu.kirkwood.controller.MarcsFractionCalculatorTest" time="0.015"/>
  <testcase name="parseFractionWithNegativeMixedNumber" classname="edu.kirkwood.controller.MarcsFractionCalculatorTest" time="0.001"/>
  <testcase name="splitCalculationWithExtraSpaces" classname="edu.kirkwood.controller.MarcsFractionCalculatorTest" time="0.001"/>
  <testcase name="parseFractionInvalidDenominator" classname="edu.kirkwood.controller.MarcsFractionCalculatorTest" time="0.002"/>
  <testcase name="parseFractionInvalidNumerator" classname="edu.kirkwood.controller.MarcsFractionCalculatorTest" time="0.004"/>
  <testcase name="parseFractionWithPositiveMixedNumber" classname="edu.kirkwood.controller.MarcsFractionCalculatorTest" time="0.001"/>
  <testcase name="splitCalculationWithMultiplicationAndNegatives" classname="edu.kirkwood.controller.MarcsFractionCalculatorTest" time="0.001"/>
  <testcase name="splitInputWithAddition" classname="edu.kirkwood.controller.MarcsFractionCalculatorTest" time="0.001"/>
  <testcase name="parseFractionInvalidSlash" classname="edu.kirkwood.controller.MarcsFractionCalculatorTest" time="0.003"/>
  <testcase name="startWithInValidInput" classname="edu.kirkwood.controller.MarcsFractionCalculatorTest" time="4.014">
    <system-out><![CDATA[Enter calculations in the format: [fraction] [operator] [fraction]
Example: 1 1/2 + 3/4
]]></system-out>
    <system-err><![CDATA[Mockito is currently self-attaching to enable the inline-mock-maker. This will no longer work in future releases of the JDK. Please add Mockito as an agent to your build as described in Mockito's documentation: https://javadoc.io/doc/org.mockito/mockito-core/latest/org.mockito/org/mockito/Mockito.html#0.3
WARNING: A Java agent has been loaded dynamically (C:\Users\mouft\.m2\repository\net\bytebuddy\byte-buddy-agent\1.17.7\byte-buddy-agent-1.17.7.jar)
WARNING: If a serviceability tool is in use, please run with -XX:+EnableDynamicAgentLoading to hide this warning
WARNING: If a serviceability tool is not in use, please run with -Djdk.instrument.traceUsage for more information
WARNING: Dynamic loading of agents will be disallowed by default in a future release
]]></system-err>
  </testcase>
  <testcase name="parseFractionInvalidNumber" classname="edu.kirkwood.controller.MarcsFractionCalculatorTest" time="0.003"/>
  <testcase name="splitInputWithInvalidOperator" classname="edu.kirkwood.controller.MarcsFractionCalculatorTest" time="0.005"/>
  <testcase name="parseFractionZeroDenominator" classname="edu.kirkwood.controller.MarcsFractionCalculatorTest" time="0.027"/>
  <testcase name="splitInputWithNoSpacesAroundOperator" classname="edu.kirkwood.controller.MarcsFractionCalculatorTest" time="0.02"/>
  <testcase name="startWithValidInput" classname="edu.kirkwood.controller.MarcsFractionCalculatorTest" time="0.032">
    <system-out><![CDATA[Enter calculations in the format: [fraction] [operator] [fraction]
Example: 1 1/2 + 3/4
1/2 + 1/2 = 1

]]></system-out>
  </testcase>
  <testcase name="parseFractionWithNegativeMixedNumber2" classname="edu.kirkwood.controller.MarcsFractionCalculatorTest" time="0.01"/>
  <testcase name="parseFractionWithNegativeMixedNumber3" classname="edu.kirkwood.controller.MarcsFractionCalculatorTest" time="0.008"/>
  <testcase name="splitCalculationWithDivision" classname="edu.kirkwood.controller.MarcsFractionCalculatorTest" time="0.002"/>
  <testcase name="parseFractionWithNegativeWholeNumber" classname="edu.kirkwood.controller.MarcsFractionCalculatorTest" time="0.002"/>
</testsuite>