<?xml version="1.0" encoding="UTF-8"?>
<testsuite xmlns:xsi="http://www.w3.org/2001/XMLSchema-instance" xsi:noNamespaceSchemaLocation="https://maven.apache.org/surefire/maven-surefire-plugin/xsd/surefire-test-report-3.0.xsd" version="3.0" name="edu.kirkwood.model.TemperatureTest" time="0.045" tests="13" errors="0" skipped="0" failures="0">
  <properties>
[...]
</properties>
  <testcase name="testConvertCtoF" classname="edu.kirkwood.model.TemperatureTest" time="0.007"/>
  <testcase name="testConvertCtoK" classname="edu.kirkwood.model.TemperatureTest" time="0.003"/>
  <testcase name="testToString" classname="edu.kirkwood.model.TemperatureTest" time="0.002"/>
  <testcase name="addDifferentScale" classname="edu.kirkwood.model.TemperatureTest" time="0.002"/>
  <testcase name="setDegree" classname="edu.kirkwood.model.TemperatureTest" time="0.003"/>
  <testcase name="getDegree" classname="edu.kirkwood.model.TemperatureTest" time="0.001"/>
  <testcase name="subtractSameScale" classname="edu.kirkwood.model.TemperatureTest" time="0.002"/>
  <testcase name="addSameScale" classname="edu.kirkwood.model.TemperatureTest" time="0.002"/>
  <testcase name="subtractDifferentScale" classname="edu.kirkwood.model.TemperatureTest" time="0.002"/>
  <testcase name="setScale" classname="edu.kirkwood.model.TemperatureTest" time="0.001"/>
  <testcase name="InputWithInvalidDegree" classname="edu.kirkwood.model.TemperatureTest" time="0.004"/>
  <testcase name="InputWithInvalidScale" classname="edu.kirkwood.model.TemperatureTest" time="0.003"/>
  <testcase name="getScale" classname="edu.kirkwood.model.TemperatureTest" time="0.002"/>
</testsuite>